<?xml version="1.0" encoding="UTF-8"?>
<!-- Generated by org.testng.reporters.JUnitReportReporter -->
<testsuite hostname="USBLRASHIEV3" name="multipleTest.TestScript3" tests="1" failures="0" timestamp="4 Aug 2018 23:27:04 GMT" time="0.010" errors="0">
  <testcase name="f" time="0.010" classname="multipleTest.TestScript3"/>
</testsuite>
